<?xml version="1.0" encoding="UTF-8"?>
<testng-results ignored="0" total="1" passed="1" failed="0" skipped="0">
  <reporter-output>
  </reporter-output>
  <suite started-at="2023-01-23T20:33:08 BDT" name="Default suite" finished-at="2023-01-23T20:33:08 BDT" duration-ms="105">
    <groups>
    </groups>
    <test started-at="2023-01-23T20:33:08 BDT" name="Default test" finished-at="2023-01-23T20:33:08 BDT" duration-ms="105">
      <class name="as.TestNGAssertionDemo">
        <test-method signature="testAssertions()[pri:0, instance:as.TestNGAssertionDemo@49ec71f8]" started-at="2023-01-23T20:33:08 BDT" name="testAssertions" finished-at="2023-01-23T20:33:08 BDT" duration-ms="26" status="PASS">
          <reporter-output>
          </reporter-output>
        </test-method> <!-- testAssertions -->
      </class> <!-- as.TestNGAssertionDemo -->
    </test> <!-- Default test -->
  </suite> <!-- Default suite -->
</testng-results>
